app/build/outputs/logs/manifest-merger-debug-report.txt
-- Merging decision tree log ---
manifest
ADDED from AndroidManifest.xml:2:1
	package
		ADDED from AndroidManifest.xml:3:5
		INJECTED from AndroidManifest.xml:0:0
		INJECTED from AndroidManifest.xml:0:0
	android:versionName
		ADDED from AndroidManifest.xml:5:5
	android:versionCode
		ADDED from AndroidManifest.xml:4:5
		INJECTED from AndroidManifest.xml:0:0
		INJECTED from AndroidManifest.xml:0:0
	xmlns:android
		ADDED from AndroidManifest.xml:2:11
permission#com.yslc.permission.JPUSH_MESSAGE
ADDED from AndroidManifest.xml:7:5
	android:protectionLevel
		ADDED from AndroidManifest.xml:9:9
	android:name
		ADDED from AndroidManifest.xml:8:9
uses-permission#android.permission.SYSTEM_ALERT_WINDOW
ADDED from AndroidManifest.xml:11:5
	android:name
		ADDED from AndroidManifest.xml:11:22
uses-permission#android.permission.INTERNET
ADDED from AndroidManifest.xml:12:5
	android:name
		ADDED from AndroidManifest.xml:12:22
uses-permission#android.permission.ACCESS_WIFI_STATE
ADDED from AndroidManifest.xml:13:5
	android:name
		ADDED from AndroidManifest.xml:13:22
uses-permission#android.permission.ACCESS_NETWORK_STATE
ADDED from AndroidManifest.xml:14:5
	android:name
		ADDED from AndroidManifest.xml:14:22
uses-permission#android.permission.CHANGE_WIFI_STATE
ADDED from AndroidManifest.xml:15:5
	android:name
		ADDED from AndroidManifest.xml:15:22
uses-permission#android.permission.WRITE_EXTERNAL_STORAGE
ADDED from AndroidManifest.xml:16:5
	android:name
		ADDED from AndroidManifest.xml:16:22
uses-permission#android.permission.READ_PHONE_STATE
ADDED from AndroidManifest.xml:17:5
	android:name
		ADDED from AndroidManifest.xml:17:22
uses-permission#android.permission.MANAGE_ACCOUNTS
ADDED from AndroidManifest.xml:18:5
	android:name
		ADDED from AndroidManifest.xml:18:22
uses-permission#android.permission.GET_ACCOUNTS
ADDED from AndroidManifest.xml:19:5
	android:name
		ADDED from AndroidManifest.xml:19:22
uses-permission#android.permission.MOUNT_UNMOUNT_FILESYSTEMS
ADDED from AndroidManifest.xml:20:5
	android:name
		ADDED from AndroidManifest.xml:20:22
uses-permission#android.permission.REAL_GET_TASKS
ADDED from AndroidManifest.xml:21:5
	android:name
		ADDED from AndroidManifest.xml:21:22
uses-permission#com.yslc.permission.JPUSH_MESSAGE
ADDED from AndroidManifest.xml:22:5
	android:name
		ADDED from AndroidManifest.xml:22:22
uses-permission#android.permission.RECEIVE_USER_PRESENT
ADDED from AndroidManifest.xml:23:5
	android:name
		ADDED from AndroidManifest.xml:23:22
uses-permission#android.permission.WAKE_LOCK
ADDED from AndroidManifest.xml:24:5
	android:name
		ADDED from AndroidManifest.xml:24:22
uses-permission#android.permission.READ_EXTERNAL_STORAGE
ADDED from AndroidManifest.xml:25:5
	android:name
		ADDED from AndroidManifest.xml:25:22
uses-permission#android.permission.VIBRATE
ADDED from AndroidManifest.xml:26:5
	android:name
		ADDED from AndroidManifest.xml:26:22
uses-permission#android.permission.WRITE_SETTINGS
ADDED from AndroidManifest.xml:27:5
	android:name
		ADDED from AndroidManifest.xml:27:22
uses-permission#android.permission.ACCESS_COARSE_LOCATION
ADDED from AndroidManifest.xml:28:5
	android:name
		ADDED from AndroidManifest.xml:28:22
uses-permission#android.permission.ACCESS_FINE_LOCATION
ADDED from AndroidManifest.xml:29:5
	android:name
		ADDED from AndroidManifest.xml:29:22
uses-permission#android.permission.ACCESS_LOCATION_EXTRA_COMMANDS
ADDED from AndroidManifest.xml:30:5
	android:name
		ADDED from AndroidManifest.xml:30:22
uses-permission#android.permission.CHANGE_NETWORK_STATE
ADDED from AndroidManifest.xml:31:5
	android:name
		ADDED from AndroidManifest.xml:31:22
application
ADDED from AndroidManifest.xml:33:5
MERGED from com.android.support:support-v4:23.0.1:22:5
MERGED from com.android.support:appcompat-v7:23.0.1:22:5
MERGED from com.android.support:support-v4:23.0.1:22:5
MERGED from com.android.support:design:23.0.1:22:5
MERGED from com.android.support:support-v4:23.0.1:22:5
MERGED from com.android.support:appcompat-v7:23.0.1:22:5
MERGED from com.android.support:support-v4:23.0.1:22:5
	android:label
		ADDED from AndroidManifest.xml:37:9
	android:allowBackup
		ADDED from AndroidManifest.xml:35:9
	android:icon
		ADDED from AndroidManifest.xml:36:9
	android:theme
		ADDED from AndroidManifest.xml:38:9
	android:name
		ADDED from AndroidManifest.xml:34:9
activity#com.yslc.ui.activity.WelcomeActivity
ADDED from AndroidManifest.xml:39:9
	android:screenOrientation
		ADDED from AndroidManifest.xml:41:13
	android:name
		ADDED from AndroidManifest.xml:40:13
intent-filter#android.intent.action.MAIN+android.intent.category.LAUNCHER
ADDED from AndroidManifest.xml:42:13
action#android.intent.action.MAIN
ADDED from AndroidManifest.xml:43:17
	android:name
		ADDED from AndroidManifest.xml:43:25
category#android.intent.category.LAUNCHER
ADDED from AndroidManifest.xml:45:17
	android:name
		ADDED from AndroidManifest.xml:45:27
activity#com.yslc.ui.activity.IndexFragementActivity
ADDED from AndroidManifest.xml:48:9
	android:screenOrientation
		ADDED from AndroidManifest.xml:51:13
	android:launchMode
		ADDED from AndroidManifest.xml:50:13
	android:name
		ADDED from AndroidManifest.xml:49:13
activity#com.yslc.ui.activity.SplahActivity
ADDED from AndroidManifest.xml:52:9
	android:name
		ADDED from AndroidManifest.xml:52:19
activity#com.yslc.ui.activity.WebActivity
ADDED from AndroidManifest.xml:53:9
	android:screenOrientation
		ADDED from AndroidManifest.xml:56:13
	android:configChanges
		ADDED from AndroidManifest.xml:55:13
	android:name
		ADDED from AndroidManifest.xml:54:13
service#com.yslc.ui.service.UpdateVersionService
ADDED from AndroidManifest.xml:58:9
	android:name
		ADDED from AndroidManifest.xml:58:18
activity#com.yslc.ui.activity.CommentActivity
ADDED from AndroidManifest.xml:60:9
	android:screenOrientation
		ADDED from AndroidManifest.xml:62:13
	android:windowSoftInputMode
		ADDED from AndroidManifest.xml:63:13
	android:name
		ADDED from AndroidManifest.xml:61:13
activity#com.yslc.ui.activity.LoginActivity
ADDED from AndroidManifest.xml:64:9
	android:screenOrientation
		ADDED from AndroidManifest.xml:66:13
	android:windowSoftInputMode
		ADDED from AndroidManifest.xml:67:13
	android:name
		ADDED from AndroidManifest.xml:65:13
activity#com.yslc.ui.activity.RegisterActivity
ADDED from AndroidManifest.xml:68:9
	android:screenOrientation
		ADDED from AndroidManifest.xml:70:13
	android:windowSoftInputMode
		ADDED from AndroidManifest.xml:71:13
	android:name
		ADDED from AndroidManifest.xml:69:13
activity#com.yslc.ui.activity.FindPasswordActivity
ADDED from AndroidManifest.xml:72:9
	android:screenOrientation
		ADDED from AndroidManifest.xml:74:13
	android:windowSoftInputMode
		ADDED from AndroidManifest.xml:75:13
	android:name
		ADDED from AndroidManifest.xml:73:13
activity#com.yslc.ui.activity.StarMainActivity
ADDED from AndroidManifest.xml:76:9
	android:screenOrientation
		ADDED from AndroidManifest.xml:78:13
	android:name
		ADDED from AndroidManifest.xml:77:13
activity#com.yslc.ui.activity.StarContentActivity
ADDED from AndroidManifest.xml:79:9
	android:screenOrientation
		ADDED from AndroidManifest.xml:81:13
	android:windowSoftInputMode
		ADDED from AndroidManifest.xml:82:13
	android:name
		ADDED from AndroidManifest.xml:80:13
activity#com.yslc.ui.activity.SettingActivity
ADDED from AndroidManifest.xml:83:9
	android:screenOrientation
		ADDED from AndroidManifest.xml:85:13
	android:name
		ADDED from AndroidManifest.xml:84:13
activity#com.yslc.ui.activity.UpdatePasswordActivity
ADDED from AndroidManifest.xml:86:9
	android:screenOrientation
		ADDED from AndroidManifest.xml:88:13
	android:windowSoftInputMode
		ADDED from AndroidManifest.xml:89:13
	android:name
		ADDED from AndroidManifest.xml:87:13
activity#com.yslc.ui.activity.RadioPlayerActivity
ADDED from AndroidManifest.xml:90:9
	android:screenOrientation
		ADDED from AndroidManifest.xml:92:13
	android:name
		ADDED from AndroidManifest.xml:91:13
activity#com.yslc.ui.activity.FastInfoActivity
ADDED from AndroidManifest.xml:94:9
	android:screenOrientation
		ADDED from AndroidManifest.xml:96:13
	android:name
		ADDED from AndroidManifest.xml:95:13
activity#com.yslc.ui.activity.CelebrityComActivity
ADDED from AndroidManifest.xml:98:9
	android:screenOrientation
		ADDED from AndroidManifest.xml:99:13
	android:name
		ADDED from AndroidManifest.xml:98:19
activity#com.yslc.ui.activity.FastInfoDetailActivity
ADDED from AndroidManifest.xml:100:9
	android:screenOrientation
		ADDED from AndroidManifest.xml:102:13
	android:name
		ADDED from AndroidManifest.xml:101:13
activity#com.yslc.ui.activity.RadioReliveActivity
ADDED from AndroidManifest.xml:103:9
	android:screenOrientation
		ADDED from AndroidManifest.xml:105:13
	android:name
		ADDED from AndroidManifest.xml:104:13
activity#com.yslc.ui.activity.RadioReliveDetialActivity
ADDED from AndroidManifest.xml:106:9
	android:screenOrientation
		ADDED from AndroidManifest.xml:108:13
	android:name
		ADDED from AndroidManifest.xml:107:13
activity#com.yslc.ui.activity.RadioRelivePlayerActivity
ADDED from AndroidManifest.xml:109:9
	android:screenOrientation
		ADDED from AndroidManifest.xml:111:13
	android:name
		ADDED from AndroidManifest.xml:110:13
activity#com.yslc.ui.activity.ShowNoticationActivity
ADDED from AndroidManifest.xml:112:9
	android:screenOrientation
		ADDED from AndroidManifest.xml:114:13
	android:name
		ADDED from AndroidManifest.xml:113:13
activity#com.yslc.ui.activity.ShowSdImgActivity
ADDED from AndroidManifest.xml:115:9
	android:screenOrientation
		ADDED from AndroidManifest.xml:117:13
	android:name
		ADDED from AndroidManifest.xml:116:13
activity#com.yslc.ui.activity.CropImageActivity
ADDED from AndroidManifest.xml:118:9
	android:screenOrientation
		ADDED from AndroidManifest.xml:120:13
	android:name
		ADDED from AndroidManifest.xml:119:13
activity#com.yslc.ui.activity.StockMarketActivity
ADDED from AndroidManifest.xml:122:9
	android:launchMode
		ADDED from AndroidManifest.xml:123:13
	android:name
		ADDED from AndroidManifest.xml:122:19
activity#com.yslc.ui.activity.SearchStockActivity
ADDED from AndroidManifest.xml:125:9
	android:windowSoftInputMode
		ADDED from AndroidManifest.xml:127:13
	android:name
		ADDED from AndroidManifest.xml:126:13
activity#com.mob.tools.MobUIShell
ADDED from AndroidManifest.xml:130:9
	android:screenOrientation
		ADDED from AndroidManifest.xml:133:13
	android:windowSoftInputMode
		ADDED from AndroidManifest.xml:135:13
	android:configChanges
		ADDED from AndroidManifest.xml:132:13
	android:theme
		ADDED from AndroidManifest.xml:134:13
	android:name
		ADDED from AndroidManifest.xml:131:13
intent-filter#android.intent.action.VIEW+android.intent.category.BROWSABLE+android.intent.category.DEFAULT
ADDED from AndroidManifest.xml:136:13
data
ADDED from AndroidManifest.xml:137:17
	android:scheme
		ADDED from AndroidManifest.xml:137:23
action#android.intent.action.VIEW
ADDED from AndroidManifest.xml:139:17
	android:name
		ADDED from AndroidManifest.xml:139:25
category#android.intent.category.BROWSABLE
ADDED from AndroidManifest.xml:141:17
	android:name
		ADDED from AndroidManifest.xml:141:27
category#android.intent.category.DEFAULT
ADDED from AndroidManifest.xml:142:17
	android:name
		ADDED from AndroidManifest.xml:142:27
activity#com.yslc.wxapi.WXEntryActivity
ADDED from AndroidManifest.xml:146:9
	android:screenOrientation
		ADDED from AndroidManifest.xml:150:13
	android:exported
		ADDED from AndroidManifest.xml:149:13
	android:configChanges
		ADDED from AndroidManifest.xml:148:13
	android:theme
		ADDED from AndroidManifest.xml:151:13
	android:name
		ADDED from AndroidManifest.xml:147:13
activity#cn.sharesdk.sina.weibo.SinaActivity
ADDED from AndroidManifest.xml:153:9
	android:theme
		ADDED from AndroidManifest.xml:155:13
	android:name
		ADDED from AndroidManifest.xml:154:13
intent-filter#android.intent.category.DEFAULT+com.sina.weibo.sdk.action.ACTION_SDK_REQ_ACTIVITY
ADDED from AndroidManifest.xml:156:13
action#com.sina.weibo.sdk.action.ACTION_SDK_REQ_ACTIVITY
ADDED from AndroidManifest.xml:157:17
	android:name
		ADDED from AndroidManifest.xml:157:25
service#cn.jpush.android.service.PushService
ADDED from AndroidManifest.xml:164:9
	android:enabled
		ADDED from AndroidManifest.xml:166:13
	android:exported
		ADDED from AndroidManifest.xml:167:13
	android:name
		ADDED from AndroidManifest.xml:165:13
intent-filter#cn.jpush.android.intent.PUSH_TIME+cn.jpush.android.intent.PushService+cn.jpush.android.intent.REGISTER+cn.jpush.android.intent.REPORT
ADDED from AndroidManifest.xml:168:13
action#cn.jpush.android.intent.REGISTER
ADDED from AndroidManifest.xml:169:17
	android:name
		ADDED from AndroidManifest.xml:169:25
action#cn.jpush.android.intent.REPORT
ADDED from AndroidManifest.xml:170:17
	android:name
		ADDED from AndroidManifest.xml:170:25
action#cn.jpush.android.intent.PushService
ADDED from AndroidManifest.xml:171:17
	android:name
		ADDED from AndroidManifest.xml:171:25
action#cn.jpush.android.intent.PUSH_TIME
ADDED from AndroidManifest.xml:172:17
	android:name
		ADDED from AndroidManifest.xml:172:25
service#cn.jpush.android.service.DaemonService
ADDED from AndroidManifest.xml:175:9
	android:enabled
		ADDED from AndroidManifest.xml:177:13
	android:exported
		ADDED from AndroidManifest.xml:178:13
	android:name
		ADDED from AndroidManifest.xml:176:13
intent-filter#cn.jpush.android.intent.DaemonService+com.yslc
ADDED from AndroidManifest.xml:179:13
action#cn.jpush.android.intent.DaemonService
ADDED from AndroidManifest.xml:180:17
	android:name
		ADDED from AndroidManifest.xml:180:25
category#com.yslc
ADDED from AndroidManifest.xml:182:17
	android:name
		ADDED from AndroidManifest.xml:182:27
receiver#cn.jpush.android.service.PushReceiver
ADDED from AndroidManifest.xml:186:9
	android:enabled
		ADDED from AndroidManifest.xml:188:13
	android:name
		ADDED from AndroidManifest.xml:187:13
intent-filter#cn.jpush.android.intent.NOTIFICATION_RECEIVED_PROXY+com.yslc
ADDED from AndroidManifest.xml:189:13
	android:priority
		ADDED from AndroidManifest.xml:189:28
action#cn.jpush.android.intent.NOTIFICATION_RECEIVED_PROXY
ADDED from AndroidManifest.xml:190:17
	android:name
		ADDED from AndroidManifest.xml:190:25
intent-filter#android.intent.action.USER_PRESENT+android.net.conn.CONNECTIVITY_CHANGE
ADDED from AndroidManifest.xml:194:13
action#android.intent.action.USER_PRESENT
ADDED from AndroidManifest.xml:195:17
	android:name
		ADDED from AndroidManifest.xml:195:25
action#android.net.conn.CONNECTIVITY_CHANGE
ADDED from AndroidManifest.xml:196:17
	android:name
		ADDED from AndroidManifest.xml:196:25
intent-filter#android.intent.action.PACKAGE_ADDED+android.intent.action.PACKAGE_REMOVED
ADDED from AndroidManifest.xml:198:13
action#android.intent.action.PACKAGE_ADDED
ADDED from AndroidManifest.xml:199:17
	android:name
		ADDED from AndroidManifest.xml:199:25
action#android.intent.action.PACKAGE_REMOVED
ADDED from AndroidManifest.xml:200:17
	android:name
		ADDED from AndroidManifest.xml:200:25
activity#cn.jpush.android.ui.PushActivity
ADDED from AndroidManifest.xml:207:9
	android:exported
		ADDED from AndroidManifest.xml:210:13
	android:configChanges
		ADDED from AndroidManifest.xml:209:13
	android:name
		ADDED from AndroidManifest.xml:208:13
intent-filter#android.intent.category.DEFAULT+cn.jpush.android.ui.PushActivity+com.yslc
ADDED from AndroidManifest.xml:211:13
action#cn.jpush.android.ui.PushActivity
ADDED from AndroidManifest.xml:212:17
	android:name
		ADDED from AndroidManifest.xml:212:25
service#cn.jpush.android.service.DownloadService
ADDED from AndroidManifest.xml:220:9
	android:enabled
		ADDED from AndroidManifest.xml:222:13
	android:exported
		ADDED from AndroidManifest.xml:223:13
	android:name
		ADDED from AndroidManifest.xml:221:13
receiver#cn.jpush.android.service.AlarmReceiver
ADDED from AndroidManifest.xml:226:9
	android:name
		ADDED from AndroidManifest.xml:226:19
receiver#com.yslc.ui.receiver.MyJpushReceiver
ADDED from AndroidManifest.xml:227:9
	android:enabled
		ADDED from AndroidManifest.xml:229:13
	android:name
		ADDED from AndroidManifest.xml:228:13
intent-filter#cn.jpush.android.intent.MESSAGE_RECEIVED+cn.jpush.android.intent.NOTIFICATION_OPENED+cn.jpush.android.intent.NOTIFICATION_RECEIVED+cn.jpush.android.intent.REGISTRATION+com.yslc
ADDED from AndroidManifest.xml:230:13
action#cn.jpush.android.intent.REGISTRATION
ADDED from AndroidManifest.xml:231:17
	android:name
		ADDED from AndroidManifest.xml:231:25
action#cn.jpush.android.intent.MESSAGE_RECEIVED
ADDED from AndroidManifest.xml:232:17
	android:name
		ADDED from AndroidManifest.xml:232:25
action#cn.jpush.android.intent.NOTIFICATION_RECEIVED
ADDED from AndroidManifest.xml:233:17
	android:name
		ADDED from AndroidManifest.xml:233:25
action#cn.jpush.android.intent.NOTIFICATION_OPENED
ADDED from AndroidManifest.xml:234:17
	android:name
		ADDED from AndroidManifest.xml:234:25
meta-data#JPUSH_CHANNEL
ADDED from AndroidManifest.xml:246:9
	android:value
		ADDED from AndroidManifest.xml:248:13
	android:name
		ADDED from AndroidManifest.xml:247:13
meta-data#JPUSH_APPKEY
ADDED from AndroidManifest.xml:250:9
	android:value
		ADDED from AndroidManifest.xml:252:13
	android:name
		ADDED from AndroidManifest.xml:251:13
uses-sdk
INJECTED from AndroidManifest.xml:0:0 reason: use-sdk injection requested
MERGED from com.android.support:support-v4:23.0.1:20:5
MERGED from com.android.support:appcompat-v7:23.0.1:20:5
MERGED from com.android.support:support-v4:23.0.1:20:5
MERGED from com.android.support:design:23.0.1:20:5
MERGED from com.android.support:support-v4:23.0.1:20:5
MERGED from com.android.support:appcompat-v7:23.0.1:20:5
MERGED from com.android.support:support-v4:23.0.1:20:5
	android:targetSdkVersion
		INJECTED from AndroidManifest.xml:0:0
		INJECTED from AndroidManifest.xml:0:0
	android:minSdkVersion
		INJECTED from AndroidManifest.xml:0:0
		INJECTED from AndroidManifest.xml:0:0